2020-05-11 17:50:13,848 :  Sophia stop
2020-05-11 17:50:25,233 :  This shit is over
2020-05-11 17:51:28,537 :  hello this is my test
2020-05-11 17:51:32,390 :  This shit is over
2020-05-11 18:22:13,852 :  already let's see it
2020-05-11 18:22:23,518 :  tell me what we're going to do here
2020-05-11 18:22:45,830 :  Sophia play my music
2020-05-11 18:23:06,842 :  This shit is over
2020-05-11 18:23:20,613 :  Sophia play my Spotify
2020-05-11 18:23:30,848 :  This shit is over
2020-05-11 18:23:44,430 :  Sophia play my music on Spotify
2020-05-11 18:26:16,442 :  This shit is over
2020-05-11 18:26:31,239 :  Sophia play my music
2020-05-11 18:26:58,334 :  This shit is over
2020-05-11 18:29:11,225 :  Sophia play Spotify
2020-05-11 18:29:18,258 :  This shit is over
2020-05-11 18:30:00,577 :  Sophia play Spotify
2020-05-11 18:30:06,856 :  This shit is over
2020-05-11 18:30:46,853 :  Sophia play Spotify
2020-05-11 18:31:03,711 :  This shit is over
2020-05-11 18:32:02,871 :  Sophia pause
2020-05-11 18:32:08,008 :  This shit is over
2020-05-11 18:35:35,751 :  Sophia pause
2020-05-11 18:35:45,541 :  Sophia play
2020-05-11 18:35:57,528 :  This shit is over
2020-05-11 18:36:03,563 :  Sophia
2020-05-11 18:36:09,560 :  Sophie
2020-05-11 18:36:12,631 :  pause
2020-05-11 18:36:18,713 :  Sophia Paul
2020-05-11 18:36:26,069 :  This shit is over
2020-05-11 18:36:32,495 :  Sophia pause
2020-05-11 18:36:36,454 :  Sophia play
2020-05-11 18:36:40,440 :  Sophia
2020-05-11 18:37:39,943 :  This shit is over
2020-05-11 18:37:52,632 :  Sofia pause the music
2020-05-11 18:38:02,988 :  Sophia pause
2020-05-11 18:38:53,308 :  Sophia play
2020-05-11 18:39:26,149 :  Sofia pause the music
2020-05-11 18:40:28,599 :  This shit is over
2020-05-11 18:40:43,678 :  Sofia pause the music
2020-05-11 18:41:02,887 :  Sophia pause
2020-05-11 18:41:17,153 :  Sophia next song
2020-05-11 18:41:27,126 :  Sofia volume up
2020-05-11 18:41:36,981 :  Sofia volume fifty percent
2020-05-11 18:41:48,944 :  pool
2020-05-11 18:41:54,092 :  fantasy
2020-05-11 18:41:57,570 :  Easy Come Easy Go little high
2020-05-11 18:42:03,628 :  little love you win
2020-05-11 18:42:08,236 :  doesn't really matter
2020-05-11 18:42:58,879 :  I'm not back again this time tomorrow
2020-05-11 18:47:58,492 :  Sophia pause the music I need to think
2020-05-11 18:48:08,340 :  Sophia pause
2020-05-11 18:50:22,574 :  This shit is over
2020-05-11 20:28:23,209 :  Sofia pause the music
2020-05-11 20:28:36,043 :  Sophia
2020-05-11 20:28:37,546 :  the music
2020-05-11 20:28:41,124 :  This shit is over
2020-05-11 20:37:41,495 :  I just took my temperature my temperature
2020-05-11 20:37:48,459 :  was a 98.4 yesterday I took my temp
2020-05-11 20:37:49,943 :  98.0
2020-05-11 20:38:06,386 :  we'll see how it goes
2020-05-11 20:38:13,242 :  I'm kind of glad that I got this part.
2020-05-11 20:38:17,746 :  now I can just dictate everything that I want to say
2020-05-11 20:38:21,545 :  I need to extend the time now
2020-05-11 20:38:22,168 :  This shit is over
2020-05-11 20:39:02,308 :  I change the boat's timing to 7 seconds for an interval
2020-05-11 20:39:14,681 :  damn it gets boat instead of bought that's kind of annoying it's
2020-05-11 20:39:49,465 :  how this works when there's someone talking all the time
2020-05-11 20:49:44,862 :  let's see
2020-05-11 20:49:55,716 :  are you still working uour let's go you're a f****** God
2020-05-11 21:01:05,751 :  thank you I will take a question from upstairs please project your voice as there will be no microphone
2020-05-11 21:01:33,484 :  well it would be if I was trying to reduce all the individual variability to that
2020-05-11 21:01:41,984 :  but you want to know the people vary across the dimension is not necessarily symbol taneously to live
2020-05-11 21:01:49,155 :  all the variability
2020-05-11 21:02:05,639 :  reactive categorization is in itself a limitation on individual freedom
2020-05-11 21:02:46,528 :  I would say that I'm doing that but I don't see how that's
2020-05-11 21:02:51,720 :  groups the individuals within those groups are characterized by any stable characteristics whatsoever except for the fact of their comparative
2020-05-11 21:02:58,683 :  depression like so I don't understand the first part of your argument being part of the reason the postmodern types of be going after
2020-05-11 21:03:04,673 :  because I dared to say that men and women differ in temperament which by the way they do so
2020-05-11 21:03:21,238 :  differentiating quickly because
2020-05-11 21:04:19,581 :  mute
2020-05-11 21:04:21,473 :  mute audio
2020-05-11 21:04:39,984 :  This shit is over
2020-05-11 22:13:05,324 :  I checked my temperature 98
2020-05-11 22:13:11,600 :  7
2020-05-11 22:13:18,533 :  98.7
2020-05-11 22:13:37,375 :  exit
2020-05-11 22:13:39,359 :  This shit is over
2020-05-11 22:44:27,005 :  98.8
2020-05-11 22:44:33,846 :  This shit is over
2020-05-12 18:29:21,254 :  is a test
2020-05-12 18:29:35,180 :  daily temperature report
2020-05-12 18:29:42,145 :  just took my temperature 90
2020-05-12 18:29:49,222 :  8.7 98.7
2020-05-12 18:30:10,325 :  today
2020-05-12 18:30:17,428 :  is a good day
2020-05-12 18:30:45,599 :  This shit is over
